1702967508153	geckodriver	INFO	Listening on 127.0.0.1:4444
1702967508180	webdriver::server	DEBUG	-> GET /status 
1702967508180	webdriver::server	DEBUG	<- 200 OK {"value":{"message":"","ready":true}}
1702967508198	webdriver::server	DEBUG	-> POST /session {"capabilities":{"firstMatch":[{}],"alwaysMatch":{"browserName":"firefox","moz:firefoxOptions":{"binary":"/usr/bin/firefox"}}}}
1702967508199	geckodriver::capabilities	DEBUG	Trying to read firefox version from ini files
1702967508202	geckodriver::capabilities	DEBUG	Found version 120.0.1
1702967508204	mozrunner::runner	INFO	Running command: MOZ_CRASHREPORTER="1" MOZ_CRASHREPORTER_NO_REPORT="1" MOZ_CRASHREPORTER_SHUTDOWN="1" MOZ_NO_REMOTE="1" "/usr/bin/firefox" "--marionette" "-no-remote" "-profile" "/tmp/rust_mozprofileaZgbqL"
1702967508205	geckodriver::marionette	DEBUG	Waiting 60s to connect to browser on 127.0.0.1
1702967508205	geckodriver::browser	TRACE	Failed to open /tmp/rust_mozprofileaZgbqL/MarionetteActivePort
1702967508205	geckodriver::marionette	TRACE	Retrying in 100ms
1702967508305	geckodriver::browser	TRACE	Failed to open /tmp/rust_mozprofileaZgbqL/MarionetteActivePort
1702967508305	geckodriver::marionette	TRACE	Retrying in 100ms
1702967508405	geckodriver::browser	TRACE	Failed to open /tmp/rust_mozprofileaZgbqL/MarionetteActivePort
1702967508405	geckodriver::marionette	TRACE	Retrying in 100ms
console.warn: services.settings: Ignoring preference override of remote settings server
console.warn: services.settings: Allow by setting MOZ_REMOTE_SETTINGS_DEVTOOLS=1 in the environment
1702967508506	geckodriver::browser	TRACE	Failed to open /tmp/rust_mozprofileaZgbqL/MarionetteActivePort
1702967508506	geckodriver::marionette	TRACE	Retrying in 100ms
1702967508606	geckodriver::browser	TRACE	Failed to open /tmp/rust_mozprofileaZgbqL/MarionetteActivePort
1702967508606	geckodriver::marionette	TRACE	Retrying in 100ms
1702967508706	geckodriver::browser	TRACE	Failed to open /tmp/rust_mozprofileaZgbqL/MarionetteActivePort
1702967508706	geckodriver::marionette	TRACE	Retrying in 100ms
1702967508806	geckodriver::browser	TRACE	Failed to open /tmp/rust_mozprofileaZgbqL/MarionetteActivePort
1702967508806	geckodriver::marionette	TRACE	Retrying in 100ms
1702967508906	geckodriver::browser	TRACE	Failed to open /tmp/rust_mozprofileaZgbqL/MarionetteActivePort
1702967508906	geckodriver::marionette	TRACE	Retrying in 100ms
1702967509006	geckodriver::browser	TRACE	Failed to open /tmp/rust_mozprofileaZgbqL/MarionetteActivePort
1702967509006	geckodriver::marionette	TRACE	Retrying in 100ms
ATTENTION: default value of option mesa_glthread overridden by environment.
1702967509106	geckodriver::browser	TRACE	Failed to open /tmp/rust_mozprofileaZgbqL/MarionetteActivePort
1702967509106	geckodriver::marionette	TRACE	Retrying in 100ms
1702967509128	Marionette	INFO	Marionette enabled
1702967509130	RemoteAgent	DEBUG	Setting recommended pref apz.content_response_timeout to 60000
1702967509130	RemoteAgent	DEBUG	Setting recommended pref browser.contentblocking.introCount to 99
1702967509130	RemoteAgent	DEBUG	Setting recommended pref browser.download.panel.shown to true
1702967509130	RemoteAgent	DEBUG	Setting recommended pref browser.newtabpage.activity-stream.showSponsoredTopSites to false
1702967509130	RemoteAgent	DEBUG	Setting recommended pref browser.newtabpage.enabled to false
1702967509130	RemoteAgent	DEBUG	Setting recommended pref browser.pagethumbnails.capturing_disabled to true
1702967509130	RemoteAgent	DEBUG	Setting recommended pref browser.region.network.url to 
1702967509130	RemoteAgent	DEBUG	Setting recommended pref browser.search.update to false
1702967509130	RemoteAgent	DEBUG	Setting recommended pref browser.startup.couldRestoreSession.count to -1
1702967509130	RemoteAgent	DEBUG	Setting recommended pref browser.tabs.closeWindowWithLastTab to false
1702967509130	RemoteAgent	DEBUG	Setting recommended pref browser.tabs.unloadOnLowMemory to false
1702967509131	RemoteAgent	DEBUG	Setting recommended pref browser.tabs.warnOnClose to false
1702967509131	RemoteAgent	DEBUG	Setting recommended pref browser.tabs.warnOnCloseOtherTabs to false
1702967509131	RemoteAgent	DEBUG	Setting recommended pref browser.tabs.warnOnOpen to false
1702967509131	RemoteAgent	DEBUG	Setting recommended pref browser.toolbars.bookmarks.visibility to never
1702967509131	RemoteAgent	DEBUG	Setting recommended pref browser.topsites.contile.enabled to false
1702967509131	RemoteAgent	DEBUG	Setting recommended pref browser.usedOnWindows10.introURL to 
1702967509131	RemoteAgent	DEBUG	Setting recommended pref browser.urlbar.merino.endpointURL to 
1702967509131	RemoteAgent	DEBUG	Setting recommended pref browser.urlbar.suggest.searches to false
1702967509131	RemoteAgent	DEBUG	Setting recommended pref datareporting.policy.dataSubmissionPolicyAccepted to false
1702967509131	RemoteAgent	DEBUG	Setting recommended pref dom.disable_open_during_load to false
1702967509131	RemoteAgent	DEBUG	Setting recommended pref dom.file.createInChild to true
1702967509131	RemoteAgent	DEBUG	Setting recommended pref dom.input_events.security.minNumTicks to 0
1702967509131	RemoteAgent	DEBUG	Setting recommended pref dom.input_events.security.minTimeElapsedInMS to 0
1702967509131	RemoteAgent	DEBUG	Setting recommended pref dom.max_chrome_script_run_time to 0
1702967509131	RemoteAgent	DEBUG	Setting recommended pref dom.max_script_run_time to 0
1702967509131	RemoteAgent	DEBUG	Setting recommended pref dom.navigation.locationChangeRateLimit.count to 0
1702967509131	RemoteAgent	DEBUG	Setting recommended pref dom.push.connection.enabled to false
1702967509131	RemoteAgent	DEBUG	Setting recommended pref dom.screenorientation.allow-lock to true
1702967509131	RemoteAgent	DEBUG	Setting recommended pref dom.successive_dialog_time_limit to 0
1702967509131	RemoteAgent	DEBUG	Setting recommended pref extensions.getAddons.cache.enabled to false
1702967509131	RemoteAgent	DEBUG	Setting recommended pref extensions.getAddons.discovery.api_url to data:, 
1702967509131	RemoteAgent	DEBUG	Setting recommended pref extensions.blocklist.detailsURL to http://%(server)s/extensions-dummy/blocklistDetailsURL
1702967509131	RemoteAgent	DEBUG	Setting recommended pref extensions.blocklist.itemURL to http://%(server)s/extensions-dummy/blocklistItemURL
1702967509131	RemoteAgent	DEBUG	Setting recommended pref extensions.hotfix.url to http://%(server)s/extensions-dummy/hotfixURL
1702967509131	RemoteAgent	DEBUG	Setting recommended pref extensions.systemAddon.update.url to http://%(server)s/dummy-system-addons.xml
1702967509131	RemoteAgent	DEBUG	Setting recommended pref extensions.update.background.url to http://%(server)s/extensions-dummy/updateBackgroundURL
1702967509132	RemoteAgent	DEBUG	Setting recommended pref extensions.update.url to http://%(server)s/extensions-dummy/updateURL
1702967509132	RemoteAgent	DEBUG	Setting recommended pref extensions.getAddons.get.url to http://%(server)s/extensions-dummy/repositoryGetURL
1702967509132	RemoteAgent	DEBUG	Setting recommended pref extensions.getAddons.search.browseURL to http://%(server)s/extensions-dummy/repositoryBrowseURL
1702967509132	RemoteAgent	DEBUG	Setting recommended pref geo.provider.network.url to 
1702967509132	RemoteAgent	DEBUG	Setting recommended pref identity.fxaccounts.auth.uri to https://{server}/dummy/fxa
1702967509132	RemoteAgent	DEBUG	Setting recommended pref network.connectivity-service.enabled to false
1702967509132	RemoteAgent	DEBUG	Setting recommended pref network.http.phishy-userpass-length to 255
1702967509132	RemoteAgent	DEBUG	Setting recommended pref network.http.prompt-temp-redirect to false
1702967509132	RemoteAgent	DEBUG	Setting recommended pref privacy.trackingprotection.enabled to false
1702967509132	RemoteAgent	DEBUG	Setting recommended pref security.fileuri.strict_origin_policy to false
1702967509132	RemoteAgent	DEBUG	Setting recommended pref security.notification_enable_delay to 0
1702967509132	RemoteAgent	DEBUG	Setting recommended pref security.remote_settings.intermediates.enabled to false
1702967509132	RemoteAgent	DEBUG	Setting recommended pref signon.autofillForms to false
1702967509132	RemoteAgent	DEBUG	Setting recommended pref signon.rememberSignons to false
1702967509132	RemoteAgent	DEBUG	Setting recommended pref toolkit.telemetry.server to https://%(server)s/telemetry-dummy/
1702967509132	RemoteAgent	DEBUG	Setting recommended pref widget.windows.window_occlusion_tracking.enabled to false
1702967509132	RemoteAgent	DEBUG	Setting recommended pref dom.disable_beforeunload to true
1702967509133	Marionette	TRACE	Received observer notification final-ui-startup
ATTENTION: default value of option mesa_glthread overridden by environment.
1702967509206	geckodriver::browser	TRACE	Failed to open /tmp/rust_mozprofileaZgbqL/MarionetteActivePort
1702967509206	geckodriver::marionette	TRACE	Retrying in 100ms
1702967509255	Marionette	INFO	Listening on port 41141
1702967509256	Marionette	DEBUG	Marionette is listening
Read port: 41141
1702967509333	Marionette	DEBUG	Accepted connection 0 from 127.0.0.1:59758
1702967509466	geckodriver::marionette	DEBUG	Connection to Marionette established on 127.0.0.1:41141.
1702967509494	Marionette	DEBUG	0 -> [0,1,"WebDriver:NewSession",{"browserName":"firefox"}]
1702967509499	Marionette	DEBUG	Waiting for initial application window
console.error: ({})
1702967510898	Marionette	TRACE	Received observer notification browser-idle-startup-tasks-finished
1702967510908	RemoteAgent	TRACE	[8] ProgressListener Start: expectNavigation=false resolveWhenStarted=false unloadTimeout=5000 waitForExplicitStart=false
1702967510908	RemoteAgent	TRACE	[8] ProgressListener Setting unload timer (5000ms)
1702967510909	RemoteAgent	TRACE	[8] Document already finished loading: about:blank
1702967510909	RemoteAgent	TRACE	[8] ProgressListener Stop: has error=false
1702967510928	Marionette	DEBUG	0 <- [1,1,null,{"sessionId":"d2fe16ef-3bbf-4bc8-b670-a0b1ac1237c9","capabilities":{"browserName":"firefox","browserVersion":"120.0.1","platformName":"linux","acceptInsecureCerts":false,"pageLoadStrategy":"normal","setWindowRect":true,"timeouts":{"implicit":0,"pageLoad":300000,"script":30000},"strictFileInteractability":false,"unhandledPromptBehavior":"dismiss and notify","moz:accessibilityChecks":false,"moz:buildID":"20231129155202","moz:headless":false,"moz:platformVersion":"5.15.0-91-generic","moz:processID":50094,"moz:profile":"/tmp/rust_mozprofileaZgbqL","moz:shutdownTimeout":60000,"moz:webdriverClick":true,"moz:windowless":false,"proxy":{}}}]
1702967510935	webdriver::server	DEBUG	<- 200 OK {"value":{"sessionId":"d2fe16ef-3bbf-4bc8-b670-a0b1ac1237c9","capabilities":{"acceptInsecureCerts":false,"browserNa ... ctability":false,"timeouts":{"implicit":0,"pageLoad":300000,"script":30000},"unhandledPromptBehavior":"dismiss and notify"}}}
1702967510982	webdriver::server	DEBUG	-> POST /session/d2fe16ef-3bbf-4bc8-b670-a0b1ac1237c9/window/maximize {"windowHandle":"current"}
1702967510983	Marionette	DEBUG	0 -> [0,2,"WebDriver:MaximizeWindow",{}]
1702967511280	Marionette	DEBUG	0 <- [1,2,null,{"x":72,"y":27,"width":1848,"height":1053}]
1702967511280	webdriver::server	DEBUG	<- 200 OK {"value":{"x":72,"y":27,"width":1848,"height":1053}}
1702967511289	webdriver::server	DEBUG	-> POST /session/d2fe16ef-3bbf-4bc8-b670-a0b1ac1237c9/url {"url":"https://nashtechglobal.qa.go1percent.com/"}
1702967511290	Marionette	DEBUG	0 -> [0,3,"WebDriver:Navigate",{"url":"https://nashtechglobal.qa.go1percent.com/"}]
1702967511299	Marionette	TRACE	[8] Received event beforeunload for about:blank
1702967511974	Marionette	TRACE	Remoteness change detected. Set new top-level browsing context to 11
1702967511980	Marionette	TRACE	[11] Received event beforeunload for about:blank
1702967511982	Marionette	TRACE	[11] Received event pagehide for about:blank
1702967512732	Marionette	TRACE	[11] Received event DOMContentLoaded for https://nashtechglobal.qa.go1percent.com/
1702967512912	Marionette	WARN	Ignoring event 'DOMContentLoaded' because document has an invalid readyState of 'complete'.
1702967513071	Marionette	TRACE	[11] Received event pageshow for https://nashtechglobal.qa.go1percent.com/
1702967513072	Marionette	DEBUG	0 <- [1,3,null,{"value":null}]
1702967513078	webdriver::server	DEBUG	<- 200 OK {"value":null}
1702967513085	webdriver::server	DEBUG	-> POST /session/d2fe16ef-3bbf-4bc8-b670-a0b1ac1237c9/elements {"using":"css selector","value":"#username"}
1702967513098	Marionette	DEBUG	0 -> [0,4,"WebDriver:FindElements",{"using":"css selector","value":"#username"}]
1702967513108	RemoteAgent	TRACE	WebDriverProcessData actor created for PID 50305
1702967513111	Marionette	TRACE	[11] MarionetteCommands actor created for window id 6442450945
1702967513126	Marionette	DEBUG	0 <- [1,4,null,[]]
1702967513127	webdriver::server	DEBUG	<- 200 OK {"value":[]}
console.error: ({})
1702967513630	webdriver::server	DEBUG	-> POST /session/d2fe16ef-3bbf-4bc8-b670-a0b1ac1237c9/elements {"using":"css selector","value":"#username"}
1702967513631	Marionette	DEBUG	0 -> [0,5,"WebDriver:FindElements",{"using":"css selector","value":"#username"}]
1702967513651	Marionette	DEBUG	0 <- [1,5,null,[]]
1702967513656	webdriver::server	DEBUG	<- 200 OK {"value":[]}
1702967513698	Marionette	TRACE	[11] MarionetteCommands actor destroyed for window id 6442450945
1702967514161	webdriver::server	DEBUG	-> POST /session/d2fe16ef-3bbf-4bc8-b670-a0b1ac1237c9/elements {"using":"css selector","value":"#username"}
1702967514163	Marionette	DEBUG	0 -> [0,6,"WebDriver:FindElements",{"using":"css selector","value":"#username"}]
1702967514164	Marionette	TRACE	[11] MarionetteCommands actor created for window id 6442450955
1702967514168	Marionette	DEBUG	0 <- [1,6,null,[{"element-6066-11e4-a52e-4f735466cecf":"0f63540d-bf0c-47ff-b5f8-db024332d547"}]]
1702967514168	webdriver::server	DEBUG	<- 200 OK {"value":[{"element-6066-11e4-a52e-4f735466cecf":"0f63540d-bf0c-47ff-b5f8-db024332d547"}]}
1702967514173	webdriver::server	DEBUG	-> POST /session/d2fe16ef-3bbf-4bc8-b670-a0b1ac1237c9/element/0f63540d-bf0c-47ff-b5f8-db024332d547/clear {}
1702967514175	Marionette	DEBUG	0 -> [0,7,"WebDriver:ElementClear",{"id":"0f63540d-bf0c-47ff-b5f8-db024332d547"}]
1702967514182	Marionette	DEBUG	0 <- [1,7,null,{"value":null}]
1702967514183	webdriver::server	DEBUG	<- 200 OK {"value":null}
1702967514186	webdriver::server	DEBUG	-> POST /session/d2fe16ef-3bbf-4bc8-b670-a0b1ac1237c9/element/0f63540d-bf0c-47ff-b5f8-db024332d547/value {"text":"testemployee","value":["t","e","s","t","e","m","p","l","o","y","e","e"]}
1702967514194	Marionette	DEBUG	0 -> [0,8,"WebDriver:ElementSendKeys",{"id":"0f63540d-bf0c-47ff-b5f8-db024332d547","text":"testemployee","value":["t","e","s","t","e","m","p","l","o","y","e","e"]}]
1702967514224	Marionette	DEBUG	0 <- [1,8,null,{"value":null}]
1702967514225	webdriver::server	DEBUG	<- 200 OK {"value":null}
1702967514776	Marionette	TRACE	[11] MarionetteCommands actor destroyed for window id 6442450955
1702967515209	Marionette	TRACE	Received observer notification quit-application
1702967515209	Marionette	INFO	Stopped listening on port 41141
1702967515209	RemoteAgent	DEBUG	Resetting recommended pref apz.content_response_timeout
1702967515209	RemoteAgent	DEBUG	Resetting recommended pref browser.contentblocking.introCount
1702967515209	RemoteAgent	DEBUG	Resetting recommended pref browser.download.panel.shown
1702967515209	RemoteAgent	DEBUG	Resetting recommended pref browser.newtabpage.activity-stream.showSponsoredTopSites
1702967515210	RemoteAgent	DEBUG	Resetting recommended pref browser.newtabpage.enabled
1702967515211	RemoteAgent	DEBUG	Resetting recommended pref browser.pagethumbnails.capturing_disabled
1702967515211	RemoteAgent	DEBUG	Resetting recommended pref browser.region.network.url
1702967515211	RemoteAgent	DEBUG	Resetting recommended pref browser.search.update
1702967515211	RemoteAgent	DEBUG	Resetting recommended pref browser.startup.couldRestoreSession.count
1702967515211	RemoteAgent	DEBUG	Resetting recommended pref browser.tabs.closeWindowWithLastTab
1702967515211	RemoteAgent	DEBUG	Resetting recommended pref browser.tabs.unloadOnLowMemory
1702967515211	RemoteAgent	DEBUG	Resetting recommended pref browser.tabs.warnOnClose
1702967515211	RemoteAgent	DEBUG	Resetting recommended pref browser.tabs.warnOnCloseOtherTabs
1702967515211	RemoteAgent	DEBUG	Resetting recommended pref browser.tabs.warnOnOpen
1702967515211	RemoteAgent	DEBUG	Resetting recommended pref browser.toolbars.bookmarks.visibility
1702967515211	RemoteAgent	DEBUG	Resetting recommended pref browser.topsites.contile.enabled
1702967515212	RemoteAgent	DEBUG	Resetting recommended pref browser.usedOnWindows10.introURL
1702967515212	RemoteAgent	DEBUG	Resetting recommended pref browser.urlbar.merino.endpointURL
1702967515213	RemoteAgent	DEBUG	Resetting recommended pref browser.urlbar.suggest.searches
1702967515214	RemoteAgent	DEBUG	Resetting recommended pref datareporting.policy.dataSubmissionPolicyAccepted
1702967515215	RemoteAgent	DEBUG	Resetting recommended pref dom.disable_open_during_load
1702967515215	RemoteAgent	DEBUG	Resetting recommended pref dom.file.createInChild
1702967515215	RemoteAgent	DEBUG	Resetting recommended pref dom.input_events.security.minNumTicks
1702967515215	RemoteAgent	DEBUG	Resetting recommended pref dom.input_events.security.minTimeElapsedInMS
1702967515215	RemoteAgent	DEBUG	Resetting recommended pref dom.max_chrome_script_run_time
1702967515215	RemoteAgent	DEBUG	Resetting recommended pref dom.max_script_run_time
1702967515216	RemoteAgent	DEBUG	Resetting recommended pref dom.navigation.locationChangeRateLimit.count
1702967515216	RemoteAgent	DEBUG	Resetting recommended pref dom.push.connection.enabled
1702967515216	RemoteAgent	DEBUG	Resetting recommended pref dom.screenorientation.allow-lock
1702967515216	RemoteAgent	DEBUG	Resetting recommended pref dom.successive_dialog_time_limit
1702967515216	RemoteAgent	DEBUG	Resetting recommended pref extensions.getAddons.cache.enabled
1702967515216	RemoteAgent	DEBUG	Resetting recommended pref extensions.getAddons.discovery.api_url
1702967515216	RemoteAgent	DEBUG	Resetting recommended pref extensions.blocklist.detailsURL
1702967515217	RemoteAgent	DEBUG	Resetting recommended pref extensions.blocklist.itemURL
1702967515217	RemoteAgent	DEBUG	Resetting recommended pref extensions.hotfix.url
1702967515217	RemoteAgent	DEBUG	Resetting recommended pref extensions.systemAddon.update.url
1702967515217	RemoteAgent	DEBUG	Resetting recommended pref extensions.update.background.url
1702967515218	RemoteAgent	DEBUG	Resetting recommended pref extensions.update.url
1702967515218	RemoteAgent	DEBUG	Resetting recommended pref extensions.getAddons.get.url
1702967515219	RemoteAgent	DEBUG	Resetting recommended pref extensions.getAddons.search.browseURL
1702967515219	RemoteAgent	DEBUG	Resetting recommended pref geo.provider.network.url
1702967515219	RemoteAgent	DEBUG	Resetting recommended pref identity.fxaccounts.auth.uri
1702967515219	RemoteAgent	DEBUG	Resetting recommended pref network.connectivity-service.enabled
1702967515219	RemoteAgent	DEBUG	Resetting recommended pref network.http.phishy-userpass-length
1702967515219	RemoteAgent	DEBUG	Resetting recommended pref network.http.prompt-temp-redirect
1702967515219	RemoteAgent	DEBUG	Resetting recommended pref privacy.trackingprotection.enabled
1702967515219	RemoteAgent	DEBUG	Resetting recommended pref security.fileuri.strict_origin_policy
1702967515220	RemoteAgent	DEBUG	Resetting recommended pref security.notification_enable_delay
1702967515220	RemoteAgent	DEBUG	Resetting recommended pref security.remote_settings.intermediates.enabled
1702967515220	RemoteAgent	DEBUG	Resetting recommended pref signon.autofillForms
1702967515221	RemoteAgent	DEBUG	Resetting recommended pref signon.rememberSignons
1702967515221	RemoteAgent	DEBUG	Resetting recommended pref toolkit.telemetry.server
1702967515221	RemoteAgent	DEBUG	Resetting recommended pref widget.windows.window_occlusion_tracking.enabled
1702967515221	RemoteAgent	DEBUG	Resetting recommended pref dom.disable_beforeunload
1702967515223	Marionette	DEBUG	Marionette stopped listening
1702967515231	webdriver::server	DEBUG	-> POST /session/d2fe16ef-3bbf-4bc8-b670-a0b1ac1237c9/elements {"using":"css selector","value":"#password"}
1702967515232	Marionette	DEBUG	0 -> [0,9,"WebDriver:FindElements",{"using":"css selector","value":"#password"}]
1702967515232	Marionette	DEBUG	0 <- [1,9,{"error":"no such window","message":"Browsing context has been discarded","stacktrace":"RemoteError@chrome://remote/content/shared/RemoteError.sys.mjs:8:8\nWebDriverError@chrome://remote/content/shared/webdriver/Er ... ote/content/marionette/server.sys.mjs:263:9\n_onJSONObjectReady/<@chrome://remote/content/marionette/transport.sys.mjs:494:20\n"},null]
1702967515232	webdriver::server	DEBUG	<- 404 Not Found {"value":{"error":"no such window","message":"Browsing context has been discarded","stacktrace":"RemoteError ... ontent/marionette/server.sys.mjs:263:9\n_onJSONObjectReady/<@chrome://remote/content/marionette/transport.sys.mjs:494:20\n"}}
JavaScript error: chrome://remote/content/marionette/cert.sys.mjs, line 51: NS_ERROR_NOT_AVAILABLE: Component returned failure code: 0x80040111 (NS_ERROR_NOT_AVAILABLE) [nsICertOverrideService.setDisableAllSecurityChecksAndLetAttackersInterceptMyData]
1702967515738	webdriver::server	DEBUG	-> POST /session/d2fe16ef-3bbf-4bc8-b670-a0b1ac1237c9/elements {"using":"css selector","value":"#password"}
1702967515738	webdriver::server	DEBUG	Teardown session
1702967515747	geckodriver::marionette	ERROR	Failed to close browser connection: Socket not connected (os error 107)
1702967515747	webdriver::server	DEBUG	<- 500 Internal Server Error {"value":{"error":"unknown error","message":"Failed to decode response from marionette","stacktrace":""}}
1702967516754	webdriver::server	DEBUG	-> POST /session/d2fe16ef-3bbf-4bc8-b670-a0b1ac1237c9/elements {"using":"css selector","value":"#password"}
1702967516754	webdriver::server	DEBUG	<- 404 Not Found {"value":{"error":"invalid session id","message":"Tried to run command without establishing a connection","stacktrace":""}}
1702967517258	webdriver::server	DEBUG	-> POST /session/d2fe16ef-3bbf-4bc8-b670-a0b1ac1237c9/elements {"using":"css selector","value":"#password"}
1702967517259	webdriver::server	DEBUG	<- 404 Not Found {"value":{"error":"invalid session id","message":"Tried to run command without establishing a connection","stacktrace":""}}
1702967517764	webdriver::server	DEBUG	-> POST /session/d2fe16ef-3bbf-4bc8-b670-a0b1ac1237c9/elements {"using":"css selector","value":"#password"}
1702967517764	webdriver::server	DEBUG	<- 404 Not Found {"value":{"error":"invalid session id","message":"Tried to run command without establishing a connection","stacktrace":""}}
1702967518269	webdriver::server	DEBUG	-> POST /session/d2fe16ef-3bbf-4bc8-b670-a0b1ac1237c9/elements {"using":"css selector","value":"#password"}
1702967518269	webdriver::server	DEBUG	<- 404 Not Found {"value":{"error":"invalid session id","message":"Tried to run command without establishing a connection","stacktrace":""}}
1702967518773	webdriver::server	DEBUG	-> POST /session/d2fe16ef-3bbf-4bc8-b670-a0b1ac1237c9/elements {"using":"css selector","value":"#password"}
1702967518773	webdriver::server	DEBUG	<- 404 Not Found {"value":{"error":"invalid session id","message":"Tried to run command without establishing a connection","stacktrace":""}}
1702967519277	webdriver::server	DEBUG	-> POST /session/d2fe16ef-3bbf-4bc8-b670-a0b1ac1237c9/elements {"using":"css selector","value":"#password"}
1702967519277	webdriver::server	DEBUG	<- 404 Not Found {"value":{"error":"invalid session id","message":"Tried to run command without establishing a connection","stacktrace":""}}
1702967519780	webdriver::server	DEBUG	-> POST /session/d2fe16ef-3bbf-4bc8-b670-a0b1ac1237c9/elements {"using":"css selector","value":"#password"}
1702967519781	webdriver::server	DEBUG	<- 404 Not Found {"value":{"error":"invalid session id","message":"Tried to run command without establishing a connection","stacktrace":""}}
1702967520284	webdriver::server	DEBUG	-> POST /session/d2fe16ef-3bbf-4bc8-b670-a0b1ac1237c9/elements {"using":"css selector","value":"#password"}
1702967520284	webdriver::server	DEBUG	<- 404 Not Found {"value":{"error":"invalid session id","message":"Tried to run command without establishing a connection","stacktrace":""}}
1702967521297	webdriver::server	DEBUG	-> POST /session/d2fe16ef-3bbf-4bc8-b670-a0b1ac1237c9/elements {"using":"css selector","value":"#kc-login"}
1702967521297	webdriver::server	DEBUG	<- 404 Not Found {"value":{"error":"invalid session id","message":"Tried to run command without establishing a connection","stacktrace":""}}
1702967521802	webdriver::server	DEBUG	-> POST /session/d2fe16ef-3bbf-4bc8-b670-a0b1ac1237c9/elements {"using":"css selector","value":"#kc-login"}
1702967521802	webdriver::server	DEBUG	<- 404 Not Found {"value":{"error":"invalid session id","message":"Tried to run command without establishing a connection","stacktrace":""}}
1702967522306	webdriver::server	DEBUG	-> POST /session/d2fe16ef-3bbf-4bc8-b670-a0b1ac1237c9/elements {"using":"css selector","value":"#kc-login"}
1702967522306	webdriver::server	DEBUG	<- 404 Not Found {"value":{"error":"invalid session id","message":"Tried to run command without establishing a connection","stacktrace":""}}
1702967522809	webdriver::server	DEBUG	-> POST /session/d2fe16ef-3bbf-4bc8-b670-a0b1ac1237c9/elements {"using":"css selector","value":"#kc-login"}
1702967522809	webdriver::server	DEBUG	<- 404 Not Found {"value":{"error":"invalid session id","message":"Tried to run command without establishing a connection","stacktrace":""}}
1702967523311	webdriver::server	DEBUG	-> POST /session/d2fe16ef-3bbf-4bc8-b670-a0b1ac1237c9/elements {"using":"css selector","value":"#kc-login"}
1702967523311	webdriver::server	DEBUG	<- 404 Not Found {"value":{"error":"invalid session id","message":"Tried to run command without establishing a connection","stacktrace":""}}
1702967523817	webdriver::server	DEBUG	-> POST /session/d2fe16ef-3bbf-4bc8-b670-a0b1ac1237c9/elements {"using":"css selector","value":"#kc-login"}
1702967523817	webdriver::server	DEBUG	<- 404 Not Found {"value":{"error":"invalid session id","message":"Tried to run command without establishing a connection","stacktrace":""}}
1702967524324	webdriver::server	DEBUG	-> POST /session/d2fe16ef-3bbf-4bc8-b670-a0b1ac1237c9/elements {"using":"css selector","value":"#kc-login"}
1702967524324	webdriver::server	DEBUG	<- 404 Not Found {"value":{"error":"invalid session id","message":"Tried to run command without establishing a connection","stacktrace":""}}
